[2025-11-11 17:50:08,122] INFO app: Logging initialized
[2025-11-11 17:50:09,225] INFO app: Logging initialized
[2025-11-11 17:51:00,911] INFO app: Logging initialized
[2025-11-11 17:51:01,745] INFO app: Logging initialized
[2025-11-11 17:51:16,181] INFO app: auth_logout user_id=None
[2025-11-11 17:54:44,361] INFO app: Logging initialized
[2025-11-11 17:54:55,441] INFO app: Logging initialized
[2025-11-11 17:57:10,793] INFO app: Logging initialized
[2025-11-11 17:57:11,609] INFO app: Logging initialized
[2025-11-11 17:57:21,824] INFO app: auth_login_success user_id=1 provider=github
[2025-11-11 17:57:24,356] INFO app: auth_logout user_id=None
[2025-11-11 17:57:30,004] INFO app: auth_login_success user_id=1 provider=google
[2025-11-11 17:57:31,485] INFO app: auth_logout user_id=None
[2025-11-11 17:57:33,532] INFO app: auth_login_success user_id=1 provider=github
[2025-11-11 17:57:37,840] INFO app: auth_logout user_id=None
[2025-11-11 17:57:43,930] INFO app: auth_login_success user_id=1 provider=google
[2025-11-11 18:03:28,457] INFO app: Logging initialized
[2025-11-11 18:03:29,433] INFO app: Logging initialized
[2025-11-11 18:04:41,622] INFO app: 404 Not Found
[2025-11-11 18:04:55,749] INFO app: 404 Not Found
[2025-11-11 18:04:57,766] INFO app: 404 Not Found
[2025-11-11 18:04:57,815] INFO app: 404 Not Found
[2025-11-11 18:05:02,253] INFO app: 404 Not Found
[2025-11-11 18:10:49,715] INFO app: Logging initialized
[2025-11-11 18:10:50,554] INFO app: Logging initialized
[2025-11-11 18:18:11,465] INFO app: Logging initialized
[2025-11-11 18:18:12,536] INFO app: Logging initialized
[2025-11-11 18:23:29,303] INFO app: Logging initialized
[2025-11-11 18:23:30,171] INFO app: Logging initialized
[2025-11-11 18:24:38,930] INFO app: auth_logout user_id=None
[2025-11-11 18:24:45,514] INFO app: auth_login_success user_id=1 provider=google
[2025-11-11 18:27:36,513] INFO app: Logging initialized
[2025-11-11 18:27:41,750] INFO app: Logging initialized
